Using pre-set license
Built from '2021.3/staging' branch; Version is '2021.3.15f1 (e8e88683f834) revision 15263878'; Using compiler version '192829333'; Build Type 'Release'
OS: 'Windows 11  (10.0.22621) 64bit Core' Language: 'ja' Physical Memory: 6090 MB
BatchMode: 1, IsHumanControllingUs: 0, StartBugReporterOnCrash: 0, Is64bit: 1, IsPro: 1

COMMAND LINE ARGUMENTS:
C:\Program Files\Unity\Hub\Editor\2021.3.15f1\Editor\Unity.exe
-adb2
-batchMode
-noUpm
-name
AssetImportWorker2
-projectPath
C:/Users/Honda Ibuki/github/Unity/player1
-logFile
Logs/AssetImportWorker2.log
-srvPort
50500
Successfully changed project path to: C:/Users/Honda Ibuki/github/Unity/player1
C:/Users/Honda Ibuki/github/Unity/player1
[UnityMemory] Configuration Parameters - Can be set up in boot.config
    "memorysetup-bucket-allocator-granularity=16"
    "memorysetup-bucket-allocator-bucket-count=8"
    "memorysetup-bucket-allocator-block-size=33554432"
    "memorysetup-bucket-allocator-block-count=8"
    "memorysetup-main-allocator-block-size=16777216"
    "memorysetup-thread-allocator-block-size=16777216"
    "memorysetup-gfx-main-allocator-block-size=16777216"
    "memorysetup-gfx-thread-allocator-block-size=16777216"
    "memorysetup-cache-allocator-block-size=4194304"
    "memorysetup-typetree-allocator-block-size=2097152"
    "memorysetup-profiler-bucket-allocator-granularity=16"
    "memorysetup-profiler-bucket-allocator-bucket-count=8"
    "memorysetup-profiler-bucket-allocator-block-size=33554432"
    "memorysetup-profiler-bucket-allocator-block-count=8"
    "memorysetup-profiler-allocator-block-size=16777216"
    "memorysetup-profiler-editor-allocator-block-size=1048576"
    "memorysetup-temp-allocator-size-main=16777216"
    "memorysetup-job-temp-allocator-block-size=2097152"
    "memorysetup-job-temp-allocator-block-size-background=1048576"
    "memorysetup-job-temp-allocator-reduction-small-platforms=262144"
    "memorysetup-temp-allocator-size-background-worker=32768"
    "memorysetup-temp-allocator-size-job-worker=262144"
    "memorysetup-temp-allocator-size-preload-manager=33554432"
    "memorysetup-temp-allocator-size-nav-mesh-worker=65536"
    "memorysetup-temp-allocator-size-audio-worker=65536"
    "memorysetup-temp-allocator-size-cloud-worker=32768"
    "memorysetup-temp-allocator-size-gi-baking-worker=262144"
    "memorysetup-temp-allocator-size-gfx=262144"
Player connection [69904] Host "[IP] 172.16.178.193 [Port] 0 [Flags] 2 [Guid] 3345920715 [EditorId] 3345920715 [Version] 1048832 [Id] WindowsEditor(7,DESKTOP-4AOMJ8A) [Debug] 1 [PackageName] WindowsEditor [ProjectName] Editor" joined multi-casting on [225.0.0.222:54997]...

Player connection [69904] Host "[IP] 172.16.178.193 [Port] 0 [Flags] 2 [Guid] 3345920715 [EditorId] 3345920715 [Version] 1048832 [Id] WindowsEditor(7,DESKTOP-4AOMJ8A) [Debug] 1 [PackageName] WindowsEditor [ProjectName] Editor" joined alternative multi-casting on [225.0.0.222:34997]...

Refreshing native plugins compatible for Editor in 231.55 ms, found 4 plugins.
Preloading 0 native plugins for Editor in 0.00 ms.
Initialize engine version: 2021.3.15f1 (e8e88683f834)
[Subsystems] Discovering subsystems at path C:/Program Files/Unity/Hub/Editor/2021.3.15f1/Editor/Data/Resources/UnitySubsystems
[Subsystems] Discovering subsystems at path C:/Users/Honda Ibuki/github/Unity/player1/Assets
GfxDevice: creating device client; threaded=0; jobified=0
Direct3D:
    Version:  Direct3D 11.0 [level 11.1]
    Renderer: AMD Radeon(TM) RX Vega 10 Graphics (ID=0x15d8)
    Vendor:   ATI
    VRAM:     3045 MB
    Driver:   26.20.11026.32001
Initialize mono
Mono path[0] = 'C:/Program Files/Unity/Hub/Editor/2021.3.15f1/Editor/Data/Managed'
Mono path[1] = 'C:/Program Files/Unity/Hub/Editor/2021.3.15f1/Editor/Data/MonoBleedingEdge/lib/mono/unityjit-win32'
Mono config path = 'C:/Program Files/Unity/Hub/Editor/2021.3.15f1/Editor/Data/MonoBleedingEdge/etc'
Using monoOptions --debugger-agent=transport=dt_socket,embedding=1,server=y,suspend=n,address=127.0.0.1:56892
Begin MonoManager ReloadAssembly
Registering precompiled unity dll's ...
Register platform support module: C:/Program Files/Unity/Hub/Editor/2021.3.15f1/Editor/Data/PlaybackEngines/WindowsStandaloneSupport/UnityEditor.WindowsStandalone.Extensions.dll
Registered in 0.023140 seconds.
Native extension for WindowsStandalone target not found
Refreshing native plugins compatible for Editor in 176.97 ms, found 4 plugins.
Preloading 0 native plugins for Editor in 0.00 ms.
Mono: successfully reloaded assembly
- Completed reload, in  1.590 seconds
Domain Reload Profiling:
	ReloadAssembly (1591ms)
		BeginReloadAssembly (208ms)
			ExecutionOrderSort (0ms)
			DisableScriptedObjects (0ms)
			BackupInstance (0ms)
			ReleaseScriptingObjects (0ms)
			CreateAndSetChildDomain (2ms)
		EndReloadAssembly (1094ms)
			LoadAssemblies (201ms)
			RebuildTransferFunctionScriptingTraits (0ms)
			SetupTypeCache (279ms)
			ReleaseScriptCaches (0ms)
			RebuildScriptCaches (59ms)
			SetupLoadedEditorAssemblies (635ms)
				LogAssemblyErrors (0ms)
				InitializePlatformSupportModulesInManaged (17ms)
				SetLoadedEditorAssemblies (0ms)
				RefreshPlugins (177ms)
				BeforeProcessingInitializeOnLoad (3ms)
				ProcessInitializeOnLoadAttributes (317ms)
				ProcessInitializeOnLoadMethodAttributes (120ms)
				AfterProcessingInitializeOnLoad (0ms)
				EditorAssembliesLoaded (1ms)
			ExecutionOrderSort2 (0ms)
			AwakeInstancesAfterBackupRestoration (0ms)
Platform modules already initialized, skipping
Registering precompiled user dll's ...
Registered in 0.023083 seconds.
Begin MonoManager ReloadAssembly
Symbol file LoadedFromMemory doesn't match image C:\Users\Honda Ibuki\github\Unity\player1\Library\PackageCache\com.unity.visualscripting@1.7.8\Editor\VisualScripting.Core\Dependencies\YamlDotNet\Unity.VisualScripting.YamlDotNet.dll
Symbol file LoadedFromMemory doesn't match image C:\Users\Honda Ibuki\github\Unity\player1\Library\PackageCache\com.unity.visualscripting@1.7.8\Editor\VisualScripting.Core\Dependencies\DotNetZip\Unity.VisualScripting.IonicZip.dll
Native extension for WindowsStandalone target not found
Refreshing native plugins compatible for Editor in 187.95 ms, found 4 plugins.
Preloading 0 native plugins for Editor in 0.00 ms.
Mono: successfully reloaded assembly
- Completed reload, in  3.219 seconds
Domain Reload Profiling:
	ReloadAssembly (3221ms)
		BeginReloadAssembly (301ms)
			ExecutionOrderSort (0ms)
			DisableScriptedObjects (16ms)
			BackupInstance (0ms)
			ReleaseScriptingObjects (0ms)
			CreateAndSetChildDomain (46ms)
		EndReloadAssembly (2594ms)
			LoadAssemblies (308ms)
			RebuildTransferFunctionScriptingTraits (0ms)
			SetupTypeCache (765ms)
			ReleaseScriptCaches (2ms)
			RebuildScriptCaches (124ms)
			SetupLoadedEditorAssemblies (1231ms)
				LogAssemblyErrors (0ms)
				InitializePlatformSupportModulesInManaged (13ms)
				SetLoadedEditorAssemblies (0ms)
				RefreshPlugins (188ms)
				BeforeProcessingInitializeOnLoad (221ms)
				ProcessInitializeOnLoadAttributes (724ms)
				ProcessInitializeOnLoadMethodAttributes (54ms)
				AfterProcessingInitializeOnLoad (30ms)
				EditorAssembliesLoaded (0ms)
			ExecutionOrderSort2 (0ms)
			AwakeInstancesAfterBackupRestoration (19ms)
Platform modules already initialized, skipping
========================================================================
Worker process is ready to serve import requests
Launched and connected shader compiler UnityShaderCompiler.exe after 0.15 seconds
Refreshing native plugins compatible for Editor in 1.62 ms, found 4 plugins.
Preloading 0 native plugins for Editor in 0.00 ms.
Unloading 3423 Unused Serialized files (Serialized files now loaded: 0)
Unloading 33 unused Assets / (113.7 KB). Loaded Objects now: 3881.
Memory consumption went from 126.6 MB to 126.5 MB.
Total: 8.305700 ms (FindLiveObjects: 0.497800 ms CreateObjectMapping: 0.660000 ms MarkObjects: 6.843700 ms  DeleteObjects: 0.302300 ms)

AssetImportParameters requested are different than current active one (requested -> active):
  custom:video-decoder-ogg-theora: a1e56fd34408186e4bbccfd4996cb3dc -> 
  custom:container-muxer-webm: aa71ff27fc2769a1b78a27578f13a17b -> 
  custom:container-demuxer-webm: 4f35f7cbe854078d1ac9338744f61a02 -> 
  custom:video-encoder-webm-vp8: eb34c28f22e8b96e1ab97ce403110664 -> 
  custom:video-codec-MediaFoundation-h265: 746d11721c4dcdbdad8f713fa42b33f4 -> 
  custom:audio-encoder-webm-vorbis: bf7c407c2cedff20999df2af8eb42d56 -> 
  custom:framework-win-MediaFoundation: 216162199b28c13a410421893ffa2e32 -> 
  custom:container-demuxer-ogg: 62fdf1f143b41e24485cea50d1cbac27 -> 
  custom:video-decoder-webm-vp8: 9c59270c3fd7afecdb556c50c9e8de78 -> 
  custom:audio-decoder-ogg-vorbis: bf7c407c2cedff20999df2af8eb42d56 -> 
========================================================================
Received Import Request.
  Time since last request: 1450097.003729 seconds.
  path: Assets/Prefab/Enemy.prefab
  artifactKey: Guid(1b4d2302cc3615d4797992145283f4e8) Importer(815301076,1909f56bfc062723c751e8b465ee728b)
Start importing Assets/Prefab/Enemy.prefab using Guid(1b4d2302cc3615d4797992145283f4e8) Importer(815301076,1909f56bfc062723c751e8b465ee728b)  -> (artifact id: 'c30dc0408c45832f24a91fd307c88783') in 0.207660 seconds 
========================================================================
Received Import Request.
  Time since last request: 0.000070 seconds.
  path: Assets/Material/Black.mat
  artifactKey: Guid(90575a0c1c98ba048b04206f22befa93) Importer(815301076,1909f56bfc062723c751e8b465ee728b)
Start importing Assets/Material/Black.mat using Guid(90575a0c1c98ba048b04206f22befa93) Importer(815301076,1909f56bfc062723c751e8b465ee728b)  -> (artifact id: '739a3d74a06016a8028b8924f93e042e') in 0.326419 seconds 
========================================================================
Received Import Request.
  Time since last request: 0.000087 seconds.
  path: Assets/JMO Assets/Cartoon FX (legacy)/Materials/Misc/CFX2_Glow Soft.mat
  artifactKey: Guid(b6a4ebddb006a4a4bb0bea6365c7512a) Importer(815301076,1909f56bfc062723c751e8b465ee728b)
Start importing Assets/JMO Assets/Cartoon FX (legacy)/Materials/Misc/CFX2_Glow Soft.mat using Guid(b6a4ebddb006a4a4bb0bea6365c7512a) Importer(815301076,1909f56bfc062723c751e8b465ee728b)  -> (artifact id: '3269f636781cb17fa0bf9995855081c8') in 0.075690 seconds 
========================================================================
Received Import Request.
  Time since last request: 0.000043 seconds.
  path: Assets/JMO Assets/Cartoon FX (legacy)/Materials/Animated/CFX2_Anim_Bat Multiply.mat
  artifactKey: Guid(653d8478f72eda9478f558c843ccb9f7) Importer(815301076,1909f56bfc062723c751e8b465ee728b)
Start importing Assets/JMO Assets/Cartoon FX (legacy)/Materials/Animated/CFX2_Anim_Bat Multiply.mat using Guid(653d8478f72eda9478f558c843ccb9f7) Importer(815301076,1909f56bfc062723c751e8b465ee728b)  -> (artifact id: 'e3902c98876daf1e64e83e1b4f5030f6') in 0.100005 seconds 
========================================================================
Received Import Request.
  Time since last request: 0.000053 seconds.
  path: Assets/JMO Assets/Cartoon FX (legacy)/Materials/Misc/CFX2_Glow.mat
  artifactKey: Guid(b479681f08574fd4188237f92866cbac) Importer(815301076,1909f56bfc062723c751e8b465ee728b)
Start importing Assets/JMO Assets/Cartoon FX (legacy)/Materials/Misc/CFX2_Glow.mat using Guid(b479681f08574fd4188237f92866cbac) Importer(815301076,1909f56bfc062723c751e8b465ee728b)  -> (artifact id: 'c334a16a6605b40d07235bca5b944447') in 0.069880 seconds 
========================================================================
Received Import Request.
  Time since last request: 0.000069 seconds.
  path: Assets/JMO Assets/Cartoon FX (legacy)/Materials/Symbols/CFX2_Heart Outline Add.mat
  artifactKey: Guid(749ea6f567709834fbe474b44674e1ed) Importer(815301076,1909f56bfc062723c751e8b465ee728b)
Start importing Assets/JMO Assets/Cartoon FX (legacy)/Materials/Symbols/CFX2_Heart Outline Add.mat using Guid(749ea6f567709834fbe474b44674e1ed) Importer(815301076,1909f56bfc062723c751e8b465ee728b)  -> (artifact id: '582e23f00c00a0dcf7e6de85b5e8c167') in 0.070382 seconds 
========================================================================
Received Import Request.
  Time since last request: 0.000071 seconds.
  path: Assets/JMO Assets/Cartoon FX (legacy)/Materials/Symbols/CFX2_BrokenHeart Add.mat
  artifactKey: Guid(53d0980ae6a0d2f4290706eb595fa872) Importer(815301076,1909f56bfc062723c751e8b465ee728b)
Start importing Assets/JMO Assets/Cartoon FX (legacy)/Materials/Symbols/CFX2_BrokenHeart Add.mat using Guid(53d0980ae6a0d2f4290706eb595fa872) Importer(815301076,1909f56bfc062723c751e8b465ee728b)  -> (artifact id: '06cfe93363c7e06d1dc14b98d2217136') in 0.066865 seconds 
========================================================================
Received Import Request.
  Time since last request: 0.000065 seconds.
  path: Assets/JMO Assets/Cartoon FX (legacy)/Materials/Symbols/CFX2_Diamond Add.mat
  artifactKey: Guid(a9b550a3d81ca7845b9fb15672984986) Importer(815301076,1909f56bfc062723c751e8b465ee728b)
Start importing Assets/JMO Assets/Cartoon FX (legacy)/Materials/Symbols/CFX2_Diamond Add.mat using Guid(a9b550a3d81ca7845b9fb15672984986) Importer(815301076,1909f56bfc062723c751e8b465ee728b)  -> (artifact id: '9d68ec1bc8f03a3136c863b027188aeb') in 0.079534 seconds 
========================================================================
Received Import Request.
  Time since last request: 0.000045 seconds.
  path: Assets/Material/New Material.mat
  artifactKey: Guid(6ec34594f7dabb043bf3bba8ed00c9a2) Importer(815301076,1909f56bfc062723c751e8b465ee728b)
Start importing Assets/Material/New Material.mat using Guid(6ec34594f7dabb043bf3bba8ed00c9a2) Importer(815301076,1909f56bfc062723c751e8b465ee728b)  -> (artifact id: 'c5db1c4c75f65580457f8b813cb6886c') in 0.072680 seconds 
========================================================================
Received Import Request.
  Time since last request: 0.000059 seconds.
  path: Assets/Material/Transparent Material.mat
  artifactKey: Guid(1f0a4f1fb709fb249afb473e3415e205) Importer(815301076,1909f56bfc062723c751e8b465ee728b)
Start importing Assets/Material/Transparent Material.mat using Guid(1f0a4f1fb709fb249afb473e3415e205) Importer(815301076,1909f56bfc062723c751e8b465ee728b)  -> (artifact id: '58fe7d1f801566ac6f48b047d8a8a0da') in 0.080527 seconds 
========================================================================
Received Import Request.
  Time since last request: 0.000079 seconds.
  path: Assets/JMO Assets/Cartoon FX (legacy)/Materials/Symbols/CFX2_HeartBrokenSlice.mat
  artifactKey: Guid(6573156ff7aedbe49b6d60c015d0a67a) Importer(815301076,1909f56bfc062723c751e8b465ee728b)
Start importing Assets/JMO Assets/Cartoon FX (legacy)/Materials/Symbols/CFX2_HeartBrokenSlice.mat using Guid(6573156ff7aedbe49b6d60c015d0a67a) Importer(815301076,1909f56bfc062723c751e8b465ee728b)  -> (artifact id: 'd381eadeb8d1df80acaac2c70a73e4eb') in 0.085201 seconds 
========================================================================
Received Import Request.
  Time since last request: 0.000077 seconds.
  path: Assets/JMO Assets/Cartoon FX (legacy)/Materials/Misc/CFX2_Debris_SmallRocks AB 4Frames.mat
  artifactKey: Guid(d5510d53a0740714d8094e9574e424fe) Importer(815301076,1909f56bfc062723c751e8b465ee728b)
Start importing Assets/JMO Assets/Cartoon FX (legacy)/Materials/Misc/CFX2_Debris_SmallRocks AB 4Frames.mat using Guid(d5510d53a0740714d8094e9574e424fe) Importer(815301076,1909f56bfc062723c751e8b465ee728b)  -> (artifact id: 'cd2dfe4e541689b74beed54dc06b4e41') in 0.127272 seconds 
========================================================================
Received Import Request.
  Time since last request: 0.000073 seconds.
  path: Assets/JMO Assets/Cartoon FX (legacy)/Materials/Symbols/CFX2_SkullStretched Add.mat
  artifactKey: Guid(219882489a1df4042823f03b5b903103) Importer(815301076,1909f56bfc062723c751e8b465ee728b)
Start importing Assets/JMO Assets/Cartoon FX (legacy)/Materials/Symbols/CFX2_SkullStretched Add.mat using Guid(219882489a1df4042823f03b5b903103) Importer(815301076,1909f56bfc062723c751e8b465ee728b)  -> (artifact id: '9c245f42202811e73a665752bdef2094') in 0.064310 seconds 
